<?xml version="1.0" encoding="UTF-8"?>
<!-- Generated by org.testng.reporters.JUnitXMLReporter -->
<testsuite ignored="0" hostname="Santosh" failures="0" tests="3" name="Default test" time="11.76" errors="0" timestamp="2026-06-26T06:21:50 IST">
  <testcase classname="org.wipro.automation.rediffmail.testcases.LoginScenario_DDF" name="tc01_validate_login_functionality_valid_credential" time="0.604"/>
  <testcase classname="org.wipro.automation.rediffmail.testcases.LoginScenario_DDF" name="tc01_validate_login_functionality_valid_credential" time="0.402"/>
  <testcase classname="org.wipro.automation.rediffmail.testcases.LoginScenario_DDF" name="tc01_validate_login_functionality_valid_credential" time="0.821"/>
</testsuite> <!-- Default test -->
