<?xml version="1.0" encoding="UTF-8"?>
<!-- Generated by org.testng.reporters.JUnitXMLReporter -->
<testsuite ignored="5" hostname="Santosh" failures="9" tests="83" name="Test" time="47.386" errors="0" timestamp="2026-06-23T06:21:11 IST">
  <testcase classname="demoTestNG.TestScenario11" name="fifth_testcase" time="0.012"/>
  <testcase classname="demoTestNG.TestScenario11" name="first_testcase" time="0.003"/>
  <testcase classname="demoTestNG.TestScenario11" name="forth__testcase" time="0.002"/>
  <testcase classname="demoTestNG.TestScenario11" name="second_testcase" time="0.002"/>
  <testcase classname="demoTestNG.TestScenario11" name="sixth_testcase" time="0.001"/>
  <testcase classname="demoTestNG.TestScenario11" name="third_testcase" time="0.002"/>
  <testcase classname="demoTestNG.TestScenario12" name="fifth_testcase" time="0.001"/>
  <testcase classname="demoTestNG.TestScenario12" name="first_testcase" time="0.001"/>
  <testcase classname="demoTestNG.TestScenario12" name="forth__testcase" time="0.014">
    <failure type="java.lang.AssertionError" message="expected [Hello TestNg] but found [Hello]">
      <![CDATA[java.lang.AssertionError: expected [Hello TestNg] but found [Hello]
at demoTestNG.TestScenario12.forth__testcase(TestScenario12.java:34)
at java.base/java.util.ArrayList.forEach(ArrayList.java:1596)
... Removed 31 stack frames]]>
    </failure>
  </testcase> <!-- forth__testcase -->
  <testcase classname="demoTestNG.TestScenario12" name="second_testcase" time="0.002">
    <failure type="java.lang.AssertionError" message="expected [Hello TestNg] but found [Hello]">
      <![CDATA[java.lang.AssertionError: expected [Hello TestNg] but found [Hello]
at demoTestNG.TestScenario12.second_testcase(TestScenario12.java:20)
at java.base/java.util.ArrayList.forEach(ArrayList.java:1596)
... Removed 31 stack frames]]>
    </failure>
  </testcase> <!-- second_testcase -->
  <testcase classname="demoTestNG.TestScenario12" name="sixth_testcase" time="0.001"/>
  <testcase classname="demoTestNG.TestScenario12" name="third_testcase" time="0.001"/>
  <testcase classname="demoTestNG.TestScenario13" name="fifth_testcase" time="0.001"/>
  <testcase classname="demoTestNG.TestScenario13" name="first_testcase" time="0.001"/>
  <testcase classname="demoTestNG.TestScenario13" name="forth__testcase" time="0.001"/>
  <testcase classname="demoTestNG.TestScenario13" name="second_testcase" time="0.001"/>
  <testcase classname="demoTestNG.TestScenario13" name="sixth_testcase" time="0.0"/>
  <testcase classname="demoTestNG.TestScenario13" name="third_testcase" time="0.001"/>
  <testcase classname="org.xyz.automation.testcases.HandleCalendar" name="calender_icon" time="13.635"/>
  <testcase classname="org.xyz.automation.testcases.BrowserControl" name="control_browser" time="7.203"/>
  <testcase classname="org.xyz.automation.testcases.WebLementsList" name="productlist" time="1.943"/>
  <testcase classname="demoTestNG.TestScenario10" name="fifth_testcase" time="0.002"/>
  <testcase classname="demoTestNG.TestScenario10" name="first_testcase" time="0.003"/>
  <testcase classname="demoTestNG.TestScenario10" name="forth__testcase" time="0.006"/>
  <testcase classname="demoTestNG.TestScenario10" name="second_testcase" time="0.002"/>
  <testcase classname="demoTestNG.TestScenario10" name="sixth_testcase" time="0.001"/>
  <testcase classname="demoTestNG.TestScenario10" name="third_testcase" time="0.0"/>
  <testcase classname="org.xyz.automation.testcases.FirstAutomation" name="register_functionlaity" time="1.81"/>
  <testcase classname="demoTestNG.TestScenario9" name="fifth_testcase" time="0.002"/>
  <testcase classname="demoTestNG.TestScenario9" name="first_testcase" time="0.002"/>
  <testcase classname="demoTestNG.TestScenario9" name="forth__testcase" time="0.001"/>
  <testcase classname="demoTestNG.TestScenario9" name="second_testcase" time="0.002"/>
  <testcase classname="demoTestNG.TestScenario9" name="sixth_testcase" time="0.002"/>
  <testcase classname="demoTestNG.TestScenario9" name="third_testcase" time="0.003"/>
  <testcase classname="demoTestNG.TestScenario8" name="fifth_testcase" time="0.002"/>
  <testcase classname="demoTestNG.TestScenario8" name="first_testcase" time="0.002"/>
  <testcase classname="demoTestNG.TestScenario8" name="forth__testcase" time="0.002"/>
  <testcase classname="demoTestNG.TestScenario8" name="second_testcase" time="0.002"/>
  <testcase classname="demoTestNG.TestScenario8" name="sixth_testcase" time="0.002"/>
  <testcase classname="demoTestNG.TestScenario8" name="third_testcase" time="0.002"/>
  <testcase classname="demoTestNG.TestScenario3" name="fifth_testcase" time="0.002"/>
  <testcase classname="demoTestNG.TestScenario3" name="first_testcase" time="0.002">
    <failure type="java.lang.AssertionError" message="expected [Hello TestNG] but found [Hello]">
      <![CDATA[java.lang.AssertionError: expected [Hello TestNG] but found [Hello]
at demoTestNG.TestScenario3.first_testcase(TestScenario3.java:19)
at java.base/java.util.ArrayList.forEach(ArrayList.java:1596)
... Removed 31 stack frames]]>
    </failure>
  </testcase> <!-- first_testcase -->
  <testcase classname="demoTestNG.TestScenario3" name="registration" time="0.007">
    <failure type="java.lang.AssertionError" message="The following asserts failed:
	expected [Hello TestNG] but found [Hello],
	expected [Hello TestNG] but found [Hello]">
      <![CDATA[java.lang.AssertionError: The following asserts failed:
expected [Hello TestNG] but found [Hello],
expected [Hello TestNG] but found [Hello]
at demoTestNG.TestScenario3.registration(TestScenario3.java:50)
at java.base/java.util.ArrayList.forEach(ArrayList.java:1596)
... Removed 27 stack frames]]>
    </failure>
  </testcase> <!-- registration -->
  <testcase classname="demoTestNG.TestScenario3" name="login" time="0.0">
    <skipped/>
  </testcase> <!-- login -->
  <testcase classname="demoTestNG.TestScenario3" name="sixth_testcase" time="0.001"/>
  <testcase classname="demoTestNG.TestScenario2" name="sixth_testcase" time="0.001"/>
  <testcase classname="demoTestNG.TestScenario2" name="fifth_testcase" time="0.002"/>
  <testcase classname="demoTestNG.TestScenario2" name="forth__testcase" time="0.001"/>
  <testcase classname="demoTestNG.TestScenario2" name="third_testcase" time="0.001"/>
  <testcase classname="demoTestNG.TestScenario2" name="first_testcase" time="0.001"/>
  <testcase classname="demoTestNG.TestScenario2" name="second_testcase" time="0.002"/>
  <testcase classname="demoTestNG.TestScenario1" name="fifth_testcase" time="0.001">
    <failure type="java.lang.AssertionError" message="expected [Hello TestNg] but found [Hello]">
      <![CDATA[java.lang.AssertionError: expected [Hello TestNg] but found [Hello]
at demoTestNG.TestScenario1.fifth_testcase(TestScenario1.java:44)
at java.base/java.util.ArrayList.forEach(ArrayList.java:1596)
... Removed 31 stack frames]]>
    </failure>
  </testcase> <!-- fifth_testcase -->
  <testcase classname="demoTestNG.TestScenario1" name="first_testcase" time="0.001"/>
  <testcase classname="demoTestNG.TestScenario1" name="forth__testcase" time="0.003"/>
  <testcase classname="demoTestNG.TestScenario1" name="second_testcase" time="0.001"/>
  <testcase classname="demoTestNG.TestScenario1" name="sixth_testcase" time="0.001"/>
  <testcase classname="demoTestNG.TestScenario1" name="third_testcase" time="0.002">
    <failure type="java.lang.AssertionError" message="expected [Hello TestNg] but found [Hello]">
      <![CDATA[java.lang.AssertionError: expected [Hello TestNg] but found [Hello]
at demoTestNG.TestScenario1.third_testcase(TestScenario1.java:30)
at java.base/java.util.ArrayList.forEach(ArrayList.java:1596)
... Removed 31 stack frames]]>
    </failure>
  </testcase> <!-- third_testcase -->
  <testcase classname="demoTestNG.TestScenario7" name="fifth_testcase" time="0.002"/>
  <testcase classname="demoTestNG.TestScenario7" name="first_testcase" time="0.002"/>
  <testcase classname="demoTestNG.TestScenario7" name="forth__testcase" time="0.002"/>
  <testcase classname="demoTestNG.TestScenario7" name="second_testcase" time="0.002"/>
  <testcase classname="demoTestNG.TestScenario7" name="sixth_testcase" time="0.001"/>
  <testcase classname="demoTestNG.TestScenario7" name="third_testcase" time="0.001">
    <failure type="java.lang.AssertionError" message="expected [Hello TestNg] but found [Hello]">
      <![CDATA[java.lang.AssertionError: expected [Hello TestNg] but found [Hello]
at demoTestNG.TestScenario7.third_testcase(TestScenario7.java:26)
at java.base/java.util.ArrayList.forEach(ArrayList.java:1596)
... Removed 31 stack frames]]>
    </failure>
  </testcase> <!-- third_testcase -->
  <testcase classname="org.xyz.automation.testcases.HandleKeyboardMouse" name="tc01_handleFrames" time="3.838"/>
  <testcase classname="org.xyz.automation.testcases.HandleKeyboardMouse" name="tc02_handleAlert" time="7.486"/>
  <testcase classname="demoTestNG.TestScenario6" name="fifth_testcase" time="0.001"/>
  <testcase classname="demoTestNG.TestScenario6" name="first_testcase" time="0.003"/>
  <testcase classname="demoTestNG.TestScenario6" name="forth__testcase" time="0.001"/>
  <testcase classname="demoTestNG.TestScenario6" name="second_testcase" time="0.002"/>
  <testcase classname="demoTestNG.TestScenario6" name="sixth_testcase" time="0.001"/>
  <testcase classname="demoTestNG.TestScenario6" name="third_testcase" time="0.001"/>
  <testcase classname="demoTestNG.TestScenario5" name="fifth_testcase" time="0.001"/>
  <testcase classname="demoTestNG.TestScenario5" name="first_testcase" time="0.0">
    <failure type="java.lang.AssertionError" message="expected [Hello TestNg] but found [Hello]">
      <![CDATA[java.lang.AssertionError: expected [Hello TestNg] but found [Hello]
at demoTestNG.TestScenario5.first_testcase(TestScenario5.java:14)
at java.base/java.util.ArrayList.forEach(ArrayList.java:1596)
... Removed 31 stack frames]]>
    </failure>
  </testcase> <!-- first_testcase -->
  <testcase classname="demoTestNG.TestScenario5" name="forth__testcase" time="0.0"/>
  <testcase classname="demoTestNG.TestScenario5" name="second_testcase" time="0.001"/>
  <testcase classname="demoTestNG.TestScenario5" name="sixth_testcase" time="0.001"/>
  <testcase classname="demoTestNG.TestScenario5" name="third_testcase" time="0.001">
    <failure type="java.lang.AssertionError" message="expected [Hello TestNg] but found [Hello]">
      <![CDATA[java.lang.AssertionError: expected [Hello TestNg] but found [Hello]
at demoTestNG.TestScenario5.third_testcase(TestScenario5.java:28)
at java.base/java.util.ArrayList.forEach(ArrayList.java:1596)
... Removed 31 stack frames]]>
    </failure>
  </testcase> <!-- third_testcase -->
  <testcase classname="demoTestNG.TestScenario4" name="fifth_testcase" time="0.001"/>
  <testcase classname="demoTestNG.TestScenario4" name="first_testcase" time="0.0"/>
  <testcase classname="demoTestNG.TestScenario4" name="forth__testcase" time="0.002"/>
  <testcase classname="demoTestNG.TestScenario4" name="second_testcase" time="0.001"/>
  <testcase classname="demoTestNG.TestScenario4" name="sixth_testcase" time="0.001"/>
  <testcase classname="demoTestNG.TestScenario4" name="third_testcase" time="0.001"/>
  <testcase classname="org.xyz.automation.testcases.FirstAutomation" name="login_functionlaity" time="0.0">
    <ignored/>
  </testcase> <!-- login_functionlaity -->
  <testcase classname="org.xyz.automation.testcases.HandleCalendar" name="calender_textbox" time="0.0">
    <ignored/>
  </testcase> <!-- calender_textbox -->
  <testcase classname="org.xyz.automation.testcases.HandleKeyboardMouse" name="handleMouse" time="0.0">
    <ignored/>
  </testcase> <!-- handleMouse -->
  <testcase classname="org.xyz.automation.testcases.HandleKeyboardMouse" name="handleKeyboard" time="0.0">
    <ignored/>
  </testcase> <!-- handleKeyboard -->
  <testcase classname="demoTestNG.TestScenario3" name="second_testcase" time="0.0">
    <ignored/>
  </testcase> <!-- second_testcase -->
</testsuite> <!-- Test -->
