<?xml version="1.0" encoding="UTF-8"?>
<!-- Generated by org.testng.reporters.JUnitXMLReporter -->
<testsuite ignored="20" hostname="Santosh" failures="9" tests="10" name="Test(failed)" time="0.133" errors="0" timestamp="2026-06-04T06:23:41 IST">
  <testcase classname="demoTestNG.TestScenario12" name="second_testcase" time="0.021">
    <failure type="java.lang.AssertionError" message="expected [Hello TestNg] but found [Hello]">
      <![CDATA[java.lang.AssertionError: expected [Hello TestNg] but found [Hello]
at demoTestNG.TestScenario12.second_testcase(TestScenario12.java:20)
at java.base/java.util.ArrayList.forEach(ArrayList.java:1596)
... Removed 31 stack frames]]>
    </failure>
  </testcase> <!-- second_testcase -->
  <testcase classname="demoTestNG.TestScenario12" name="forth__testcase" time="0.002">
    <failure type="java.lang.AssertionError" message="expected [Hello TestNg] but found [Hello]">
      <![CDATA[java.lang.AssertionError: expected [Hello TestNg] but found [Hello]
at demoTestNG.TestScenario12.forth__testcase(TestScenario12.java:34)
at java.base/java.util.ArrayList.forEach(ArrayList.java:1596)
... Removed 31 stack frames]]>
    </failure>
  </testcase> <!-- forth__testcase -->
  <testcase classname="demoTestNG.TestScenario1" name="fifth_testcase" time="0.003">
    <failure type="java.lang.AssertionError" message="expected [Hello TestNg] but found [Hello]">
      <![CDATA[java.lang.AssertionError: expected [Hello TestNg] but found [Hello]
at demoTestNG.TestScenario1.fifth_testcase(TestScenario1.java:44)
at java.base/java.util.ArrayList.forEach(ArrayList.java:1596)
... Removed 31 stack frames]]>
    </failure>
  </testcase> <!-- fifth_testcase -->
  <testcase classname="demoTestNG.TestScenario1" name="third_testcase" time="0.002">
    <failure type="java.lang.AssertionError" message="expected [Hello TestNg] but found [Hello]">
      <![CDATA[java.lang.AssertionError: expected [Hello TestNg] but found [Hello]
at demoTestNG.TestScenario1.third_testcase(TestScenario1.java:30)
at java.base/java.util.ArrayList.forEach(ArrayList.java:1596)
... Removed 31 stack frames]]>
    </failure>
  </testcase> <!-- third_testcase -->
  <testcase classname="demoTestNG.TestScenario5" name="first_testcase" time="0.002">
    <failure type="java.lang.AssertionError" message="expected [Hello TestNg] but found [Hello]">
      <![CDATA[java.lang.AssertionError: expected [Hello TestNg] but found [Hello]
at demoTestNG.TestScenario5.first_testcase(TestScenario5.java:14)
at java.base/java.util.ArrayList.forEach(ArrayList.java:1596)
... Removed 31 stack frames]]>
    </failure>
  </testcase> <!-- first_testcase -->
  <testcase classname="demoTestNG.TestScenario5" name="third_testcase" time="0.004">
    <failure type="java.lang.AssertionError" message="expected [Hello TestNg] but found [Hello]">
      <![CDATA[java.lang.AssertionError: expected [Hello TestNg] but found [Hello]
at demoTestNG.TestScenario5.third_testcase(TestScenario5.java:28)
at java.base/java.util.ArrayList.forEach(ArrayList.java:1596)
... Removed 31 stack frames]]>
    </failure>
  </testcase> <!-- third_testcase -->
  <testcase classname="demoTestNG.TestScenario7" name="third_testcase" time="0.002">
    <failure type="java.lang.AssertionError" message="expected [Hello TestNg] but found [Hello]">
      <![CDATA[java.lang.AssertionError: expected [Hello TestNg] but found [Hello]
at demoTestNG.TestScenario7.third_testcase(TestScenario7.java:26)
at java.base/java.util.ArrayList.forEach(ArrayList.java:1596)
... Removed 31 stack frames]]>
    </failure>
  </testcase> <!-- third_testcase -->
  <testcase classname="demoTestNG.TestScenario3" name="registration" time="0.006">
    <failure type="java.lang.AssertionError" message="The following asserts failed:
	expected [Hello TestNG] but found [Hello],
	expected [Hello TestNG] but found [Hello]">
      <![CDATA[java.lang.AssertionError: The following asserts failed:
expected [Hello TestNG] but found [Hello],
expected [Hello TestNG] but found [Hello]
at demoTestNG.TestScenario3.registration(TestScenario3.java:50)
at java.base/java.util.ArrayList.forEach(ArrayList.java:1596)
... Removed 27 stack frames]]>
    </failure>
  </testcase> <!-- registration -->
  <testcase classname="demoTestNG.TestScenario3" name="first_testcase" time="0.002">
    <failure type="java.lang.AssertionError" message="expected [Hello TestNG] but found [Hello]">
      <![CDATA[java.lang.AssertionError: expected [Hello TestNG] but found [Hello]
at demoTestNG.TestScenario3.first_testcase(TestScenario3.java:19)
at java.base/java.util.ArrayList.forEach(ArrayList.java:1596)
... Removed 31 stack frames]]>
    </failure>
  </testcase> <!-- first_testcase -->
  <testcase classname="demoTestNG.TestScenario3" name="login" time="0.0">
    <skipped/>
  </testcase> <!-- login -->
  <testcase classname="demoTestNG.TestScenario7" name="first_testcase" time="0.0">
    <ignored/>
  </testcase> <!-- first_testcase -->
  <testcase classname="demoTestNG.TestScenario3" name="second_testcase" time="0.0">
    <ignored/>
  </testcase> <!-- second_testcase -->
  <testcase classname="demoTestNG.TestScenario1" name="first_testcase" time="0.0">
    <ignored/>
  </testcase> <!-- first_testcase -->
  <testcase classname="demoTestNG.TestScenario12" name="first_testcase" time="0.0">
    <ignored/>
  </testcase> <!-- first_testcase -->
  <testcase classname="demoTestNG.TestScenario12" name="third_testcase" time="0.0">
    <ignored/>
  </testcase> <!-- third_testcase -->
  <testcase classname="demoTestNG.TestScenario7" name="forth__testcase" time="0.0">
    <ignored/>
  </testcase> <!-- forth__testcase -->
  <testcase classname="demoTestNG.TestScenario3" name="sixth_testcase" time="0.0">
    <ignored/>
  </testcase> <!-- sixth_testcase -->
  <testcase classname="demoTestNG.TestScenario5" name="forth__testcase" time="0.0">
    <ignored/>
  </testcase> <!-- forth__testcase -->
  <testcase classname="demoTestNG.TestScenario7" name="fifth_testcase" time="0.0">
    <ignored/>
  </testcase> <!-- fifth_testcase -->
  <testcase classname="demoTestNG.TestScenario3" name="fifth_testcase" time="0.0">
    <ignored/>
  </testcase> <!-- fifth_testcase -->
  <testcase classname="demoTestNG.TestScenario5" name="fifth_testcase" time="0.0">
    <ignored/>
  </testcase> <!-- fifth_testcase -->
  <testcase classname="demoTestNG.TestScenario7" name="sixth_testcase" time="0.0">
    <ignored/>
  </testcase> <!-- sixth_testcase -->
  <testcase classname="demoTestNG.TestScenario1" name="sixth_testcase" time="0.0">
    <ignored/>
  </testcase> <!-- sixth_testcase -->
  <testcase classname="demoTestNG.TestScenario12" name="fifth_testcase" time="0.0">
    <ignored/>
  </testcase> <!-- fifth_testcase -->
  <testcase classname="demoTestNG.TestScenario1" name="forth__testcase" time="0.0">
    <ignored/>
  </testcase> <!-- forth__testcase -->
  <testcase classname="demoTestNG.TestScenario5" name="sixth_testcase" time="0.0">
    <ignored/>
  </testcase> <!-- sixth_testcase -->
  <testcase classname="demoTestNG.TestScenario12" name="sixth_testcase" time="0.0">
    <ignored/>
  </testcase> <!-- sixth_testcase -->
  <testcase classname="demoTestNG.TestScenario5" name="second_testcase" time="0.0">
    <ignored/>
  </testcase> <!-- second_testcase -->
  <testcase classname="demoTestNG.TestScenario7" name="second_testcase" time="0.0">
    <ignored/>
  </testcase> <!-- second_testcase -->
  <testcase classname="demoTestNG.TestScenario1" name="second_testcase" time="0.0">
    <ignored/>
  </testcase> <!-- second_testcase -->
</testsuite> <!-- Test(failed) -->
