<?xml version="1.0" encoding="UTF-8"?>
<testsuite name="Test"
           tests="6"
           failures="0"
           errors="0"
           skipped="0"
           time="0.012">
    <properties></properties>



            <testcase
                name="sixth_testcase"
                time="0.002"
                classname="demoTestNG.TestScenario8">
            </testcase>
            <testcase
                name="third_testcase"
                time="0.002"
                classname="demoTestNG.TestScenario8">
            </testcase>
            <testcase
                name="first_testcase"
                time="0.002"
                classname="demoTestNG.TestScenario8">
            </testcase>
            <testcase
                name="fifth_testcase"
                time="0.002"
                classname="demoTestNG.TestScenario8">
            </testcase>
            <testcase
                name="forth__testcase"
                time="0.002"
                classname="demoTestNG.TestScenario8">
            </testcase>
            <testcase
                name="second_testcase"
                time="0.002"
                classname="demoTestNG.TestScenario8">
            </testcase>
</testsuite>
