<?xml version="1.0" encoding="UTF-8"?>
<testng-results ignored="0" total="3" passed="3" failed="0" skipped="0">
  <reporter-output>
  </reporter-output>
  <suite started-at="2026-06-26T06:21:38 IST" name="Default suite" finished-at="2026-06-26T06:21:50 IST" duration-ms="11760">
    <groups>
    </groups>
    <test started-at="2026-06-26T06:21:38 IST" name="Default test" finished-at="2026-06-26T06:21:50 IST" duration-ms="11760">
      <class name="org.wipro.automation.rediffmail.testcases.LoginScenario_DDF">
        <test-method is-config="true" signature="launchBrowser()[pri:0, instance:org.wipro.automation.rediffmail.testcases.LoginScenario_DDF@367ffa75]" started-at="2026-06-26T06:21:39 IST" name="launchBrowser" finished-at="2026-06-26T06:21:42 IST" duration-ms="3542" status="PASS">
          <reporter-output>
          </reporter-output>
        </test-method> <!-- launchBrowser -->
        <test-method signature="tc01_validate_login_functionality_valid_credential(java.lang.String,java.lang.String)[pri:0, instance:org.wipro.automation.rediffmail.testcases.LoginScenario_DDF@367ffa75]" started-at="2026-06-26T06:21:42 IST" name="tc01_validate_login_functionality_valid_credential" data-provider="Login" finished-at="2026-06-26T06:21:43 IST" duration-ms="604" status="PASS">
          <params>
            <param index="0">
              <value>
                <![CDATA[John1]]>
              </value>
            </param>
            <param index="1">
              <value>
                <![CDATA[johnpass1]]>
              </value>
            </param>
          </params>
          <reporter-output>
          </reporter-output>
        </test-method> <!-- tc01_validate_login_functionality_valid_credential -->
        <test-method is-config="true" signature="closeBrowser()[pri:0, instance:org.wipro.automation.rediffmail.testcases.LoginScenario_DDF@367ffa75]" started-at="2026-06-26T06:21:43 IST" name="closeBrowser" finished-at="2026-06-26T06:21:43 IST" duration-ms="0" status="PASS">
          <reporter-output>
          </reporter-output>
        </test-method> <!-- closeBrowser -->
        <test-method is-config="true" signature="launchBrowser()[pri:0, instance:org.wipro.automation.rediffmail.testcases.LoginScenario_DDF@367ffa75]" started-at="2026-06-26T06:21:43 IST" name="launchBrowser" finished-at="2026-06-26T06:21:46 IST" duration-ms="2911" status="PASS">
          <reporter-output>
          </reporter-output>
        </test-method> <!-- launchBrowser -->
        <test-method signature="tc01_validate_login_functionality_valid_credential(java.lang.String,java.lang.String)[pri:0, instance:org.wipro.automation.rediffmail.testcases.LoginScenario_DDF@367ffa75]" started-at="2026-06-26T06:21:46 IST" name="tc01_validate_login_functionality_valid_credential" data-provider="Login" finished-at="2026-06-26T06:21:46 IST" duration-ms="402" status="PASS">
          <params>
            <param index="0">
              <value>
                <![CDATA[David1]]>
              </value>
            </param>
            <param index="1">
              <value>
                <![CDATA[Davidpass1]]>
              </value>
            </param>
          </params>
          <reporter-output>
          </reporter-output>
        </test-method> <!-- tc01_validate_login_functionality_valid_credential -->
        <test-method is-config="true" signature="closeBrowser()[pri:0, instance:org.wipro.automation.rediffmail.testcases.LoginScenario_DDF@367ffa75]" started-at="2026-06-26T06:21:46 IST" name="closeBrowser" finished-at="2026-06-26T06:21:46 IST" duration-ms="1" status="PASS">
          <reporter-output>
          </reporter-output>
        </test-method> <!-- closeBrowser -->
        <test-method is-config="true" signature="launchBrowser()[pri:0, instance:org.wipro.automation.rediffmail.testcases.LoginScenario_DDF@367ffa75]" started-at="2026-06-26T06:21:46 IST" name="launchBrowser" finished-at="2026-06-26T06:21:49 IST" duration-ms="3324" status="PASS">
          <reporter-output>
          </reporter-output>
        </test-method> <!-- launchBrowser -->
        <test-method signature="tc01_validate_login_functionality_valid_credential(java.lang.String,java.lang.String)[pri:0, instance:org.wipro.automation.rediffmail.testcases.LoginScenario_DDF@367ffa75]" started-at="2026-06-26T06:21:49 IST" name="tc01_validate_login_functionality_valid_credential" data-provider="Login" finished-at="2026-06-26T06:21:50 IST" duration-ms="821" status="PASS">
          <params>
            <param index="0">
              <value>
                <![CDATA[Neena1]]>
              </value>
            </param>
            <param index="1">
              <value>
                <![CDATA[]]>
              </value>
            </param>
          </params>
          <reporter-output>
          </reporter-output>
        </test-method> <!-- tc01_validate_login_functionality_valid_credential -->
        <test-method is-config="true" signature="closeBrowser()[pri:0, instance:org.wipro.automation.rediffmail.testcases.LoginScenario_DDF@367ffa75]" started-at="2026-06-26T06:21:50 IST" name="closeBrowser" finished-at="2026-06-26T06:21:50 IST" duration-ms="2" status="PASS">
          <reporter-output>
          </reporter-output>
        </test-method> <!-- closeBrowser -->
      </class> <!-- org.wipro.automation.rediffmail.testcases.LoginScenario_DDF -->
    </test> <!-- Default test -->
  </suite> <!-- Default suite -->
</testng-results>
