<?xml version="1.0" encoding="UTF-8"?>
<!-- Generated by org.testng.reporters.JUnitReportReporter -->
<testsuite hostname="Santosh" failures="0" tests="2" name="org.xyz.automation.testcases.FirstAutomation" time="12.793" errors="0" timestamp="2026-06-23T06:21:12 IST" skipped="1">
  <testcase classname="org.xyz.automation.testcases.FirstAutomation" name="register_functionlaity" time="12.793"/>
  <testcase classname="org.xyz.automation.testcases.FirstAutomation" name="login_functionlaity">
    <skipped/>
  </testcase> <!-- login_functionlaity -->
</testsuite> <!-- org.xyz.automation.testcases.FirstAutomation -->
