<?xml version="1.0" encoding="UTF-8"?>
<!-- Generated by org.testng.reporters.JUnitReportReporter -->
<testsuite hostname="Santosh" failures="0" tests="6" name="demoTestNG.TestScenario13" time="0.005" errors="0" timestamp="2026-06-23T06:21:12 IST" skipped="0">
  <testcase classname="demoTestNG.TestScenario13" name="second_testcase" time="0.001"/>
  <testcase classname="demoTestNG.TestScenario13" name="third_testcase" time="0.001"/>
  <testcase classname="demoTestNG.TestScenario13" name="forth__testcase" time="0.001"/>
  <testcase classname="demoTestNG.TestScenario13" name="fifth_testcase" time="0.001"/>
  <testcase classname="demoTestNG.TestScenario13" name="sixth_testcase" time="0.000"/>
  <testcase classname="demoTestNG.TestScenario13" name="first_testcase" time="0.001"/>
</testsuite> <!-- demoTestNG.TestScenario13 -->
