<?xml version="1.0" encoding="UTF-8"?>
<!-- Generated by org.testng.reporters.JUnitReportReporter -->
<testsuite hostname="Santosh" failures="0" tests="6" name="demoTestNG.TestScenario8" time="0.012" errors="0" timestamp="2026-06-23T06:21:12 IST" skipped="0">
  <testcase classname="demoTestNG.TestScenario8" name="second_testcase" time="0.002"/>
  <testcase classname="demoTestNG.TestScenario8" name="sixth_testcase" time="0.002"/>
  <testcase classname="demoTestNG.TestScenario8" name="first_testcase" time="0.002"/>
  <testcase classname="demoTestNG.TestScenario8" name="forth__testcase" time="0.002"/>
  <testcase classname="demoTestNG.TestScenario8" name="third_testcase" time="0.002"/>
  <testcase classname="demoTestNG.TestScenario8" name="fifth_testcase" time="0.002"/>
</testsuite> <!-- demoTestNG.TestScenario8 -->
