<?xml version="1.0" encoding="UTF-8"?>
<!-- Generated by org.testng.reporters.JUnitReportReporter -->
<testsuite hostname="Santosh" failures="0" tests="1" name="org.wipro.automation.rediffmail.testcases.LoginScenario" time="7.597" errors="0" timestamp="2026-06-26T05:57:05 IST" skipped="0">
  <testcase classname="org.wipro.automation.rediffmail.testcases.LoginScenario" name="tc01_validate_login_functionality_valid_credential" time="7.597"/>
</testsuite> <!-- org.wipro.automation.rediffmail.testcases.LoginScenario -->
