<?xml version="1.0" encoding="UTF-8"?>
<!-- Generated by org.testng.reporters.JUnitReportReporter -->
<testsuite hostname="Santosh" failures="0" tests="2" name="org.xyz.automation.testcases.HandleCalendar" time="13.635" errors="0" timestamp="2026-06-23T06:21:12 IST" skipped="1">
  <testcase classname="org.xyz.automation.testcases.HandleCalendar" name="calender_icon" time="13.635"/>
  <testcase classname="org.xyz.automation.testcases.HandleCalendar" name="calender_textbox">
    <skipped/>
  </testcase> <!-- calender_textbox -->
</testsuite> <!-- org.xyz.automation.testcases.HandleCalendar -->
