<?xml version="1.0" encoding="UTF-8"?>
<!-- Generated by org.testng.reporters.JUnitReportReporter -->
<testsuite hostname="Santosh" failures="0" tests="3" name="org.wipro.automation.rediffmail.testcases.LoginScenario_DDF" time="11.607" errors="0" timestamp="2026-06-26T06:21:52 IST" skipped="0">
  <testcase classname="org.wipro.automation.rediffmail.testcases.LoginScenario_DDF" name="tc01_validate_login_functionality_valid_credential" time="3.517"/>
  <testcase classname="org.wipro.automation.rediffmail.testcases.LoginScenario_DDF" name="tc01_validate_login_functionality_valid_credential" time="4.364"/>
  <testcase classname="org.wipro.automation.rediffmail.testcases.LoginScenario_DDF" name="tc01_validate_login_functionality_valid_credential" time="3.726"/>
</testsuite> <!-- org.wipro.automation.rediffmail.testcases.LoginScenario_DDF -->
