<?xml version="1.0" encoding="UTF-8"?>
<!-- Generated by org.testng.reporters.JUnitReportReporter -->
<testsuite hostname="Santosh" failures="0" tests="4" name="org.xyz.automation.testcases.HandleKeyboardMouse" time="11.324" errors="0" timestamp="2026-06-23T06:21:12 IST" skipped="2">
  <testcase classname="org.xyz.automation.testcases.HandleKeyboardMouse" name="tc02_handleAlert" time="7.486"/>
  <testcase classname="org.xyz.automation.testcases.HandleKeyboardMouse" name="tc01_handleFrames" time="3.838"/>
  <testcase classname="org.xyz.automation.testcases.HandleKeyboardMouse" name="handleMouse">
    <skipped/>
  </testcase> <!-- handleMouse -->
  <testcase classname="org.xyz.automation.testcases.HandleKeyboardMouse" name="handleKeyboard">
    <skipped/>
  </testcase> <!-- handleKeyboard -->
</testsuite> <!-- org.xyz.automation.testcases.HandleKeyboardMouse -->
