<?xml version="1.0" encoding="UTF-8"?>
<!-- Generated by org.testng.reporters.JUnitReportReporter -->
<testsuite hostname="Santosh" failures="0" tests="1" name="org.wipro.automation.rediffmail.testcases.RegisterScenario" time="5.703" errors="0" timestamp="2026-06-25T06:20:30 IST" skipped="0">
  <testcase classname="org.wipro.automation.rediffmail.testcases.RegisterScenario" name="tc02_validate_register_functionality_valid_data" time="5.703"/>
</testsuite> <!-- org.wipro.automation.rediffmail.testcases.RegisterScenario -->
